<?xml version="1.0" encoding="UTF-8" ?>
<testsuite tests="2" failures="1" name="REST.FlightFacadeTest" time="6.588" errors="1" skipped="0">
  <properties>
[...]
</properties>
  <testcase classname="REST.FlightFacadeTest" name="testGetAllFlights" time="6.462">
    <failure message="expected:&lt;...t=Airport1{IATACode=[TestCode1, timeZone=CET, name=Copenhagen Airport, country=Denmark, city=Copenhagen, flightCollection=null, flightCollection1=null}, tooAirport=Airport1{IATACode=TestCode2], timeZone=EST, name...&gt; but was:&lt;...t=Airport1{IATACode=[CPH, timeZone=CET, name=Copenhagen Airport, country=Denmark, city=Copenhagen, flightCollection=null, flightCollection1=null}, tooAirport=Airport1{IATACode=JFK], timeZone=EST, name...&gt;" type="org.junit.ComparisonFailure">org.junit.ComparisonFailure: expected:&lt;...t=Airport1{IATACode=[TestCode1, timeZone=CET, name=Copenhagen Airport, country=Denmark, city=Copenhagen, flightCollection=null, flightCollection1=null}, tooAirport=Airport1{IATACode=TestCode2], timeZone=EST, name...&gt; but was:&lt;...t=Airport1{IATACode=[CPH, timeZone=CET, name=Copenhagen Airport, country=Denmark, city=Copenhagen, flightCollection=null, flightCollection1=null}, tooAirport=Airport1{IATACode=JFK], timeZone=EST, name...&gt;
	at org.junit.Assert.assertEquals(Assert.java:115)
	at org.junit.Assert.assertEquals(Assert.java:144)
	at REST.FlightFacadeTest.testGetAllFlights(FlightFacadeTest.java:76)
	at sun.reflect.NativeMethodAccessorImpl.invoke0(Native Method)
	at sun.reflect.NativeMethodAccessorImpl.invoke(NativeMethodAccessorImpl.java:62)
	at sun.reflect.DelegatingMethodAccessorImpl.invoke(DelegatingMethodAccessorImpl.java:43)
	at java.lang.reflect.Method.invoke(Method.java:498)
	at org.junit.runners.model.FrameworkMethod$1.runReflectiveCall(FrameworkMethod.java:50)
	at org.junit.internal.runners.model.ReflectiveCallable.run(ReflectiveCallable.java:12)
	at org.junit.runners.model.FrameworkMethod.invokeExplosively(FrameworkMethod.java:47)
	at org.junit.internal.runners.statements.InvokeMethod.evaluate(InvokeMethod.java:17)
	at org.junit.internal.runners.statements.RunBefores.evaluate(RunBefores.java:26)
	at org.junit.internal.runners.statements.RunAfters.evaluate(RunAfters.java:27)
	at org.junit.runners.ParentRunner.runLeaf(ParentRunner.java:325)
	at org.junit.runners.BlockJUnit4ClassRunner.runChild(BlockJUnit4ClassRunner.java:78)
	at org.junit.runners.BlockJUnit4ClassRunner.runChild(BlockJUnit4ClassRunner.java:57)
	at org.junit.runners.ParentRunner$3.run(ParentRunner.java:290)
	at org.junit.runners.ParentRunner$1.schedule(ParentRunner.java:71)
	at org.junit.runners.ParentRunner.runChildren(ParentRunner.java:288)
	at org.junit.runners.ParentRunner.access$000(ParentRunner.java:58)
	at org.junit.runners.ParentRunner$2.evaluate(ParentRunner.java:268)
	at org.junit.internal.runners.statements.RunBefores.evaluate(RunBefores.java:26)
	at org.junit.internal.runners.statements.RunAfters.evaluate(RunAfters.java:27)
	at org.junit.runners.ParentRunner.run(ParentRunner.java:363)
	at org.apache.maven.surefire.junit4.JUnit4Provider.execute(JUnit4Provider.java:252)
	at org.apache.maven.surefire.junit4.JUnit4Provider.executeTestSet(JUnit4Provider.java:141)
	at org.apache.maven.surefire.junit4.JUnit4Provider.invoke(JUnit4Provider.java:112)
	at sun.reflect.NativeMethodAccessorImpl.invoke0(Native Method)
	at sun.reflect.NativeMethodAccessorImpl.invoke(NativeMethodAccessorImpl.java:62)
	at sun.reflect.DelegatingMethodAccessorImpl.invoke(DelegatingMethodAccessorImpl.java:43)
	at java.lang.reflect.Method.invoke(Method.java:498)
	at org.apache.maven.surefire.util.ReflectionUtils.invokeMethodWithArray(ReflectionUtils.java:189)
	at org.apache.maven.surefire.booter.ProviderFactory$ProviderProxy.invoke(ProviderFactory.java:165)
	at org.apache.maven.surefire.booter.ProviderFactory.invokeProvider(ProviderFactory.java:85)
	at org.apache.maven.surefire.booter.ForkedBooter.runSuitesInProcess(ForkedBooter.java:115)
	at org.apache.maven.surefire.booter.ForkedBooter.main(ForkedBooter.java:75)
</failure>
    <system-out>getAllFlights
[EL Info]: 2016-12-01 12:51:09.818--ServerSession(1184248953)--EclipseLink, version: Eclipse Persistence Services - 2.5.2.v20140319-9ad6abd
[EL Info]: connection: 2016-12-01 12:51:11.213--ServerSession(1184248953)--file:/C:/Users/Lange-Laptop/Documents/DummyAirline/target/classes/_Airline login successful
[Flight1{flightNumber=newy001, seats=200, flightTimeAirline=5, flightInstanceCollection={IndirectList: not instantiated}, airline=Airline1{airlineID=1, name=TestLine1, flightCollection={IndirectList: not instantiated}}, fromAirport=Airport1{IATACode=CPH, timeZone=CET, name=Copenhagen Airport, country=Denmark, city=Copenhagen, flightCollection={IndirectList: not instantiated}, flightCollection1={IndirectList: not instantiated}}, tooAirport=Airport1{IATACode=JFK, timeZone=EST, name=john f kennedy international airport, country=USA, city=New York, flightCollection={IndirectList: not instantiated}, flightCollection1={IndirectList: not instantiated}}}, Flight1{flightNumber=newy031, seats=200, flightTimeAirline=5, flightInstanceCollection={IndirectList: not instantiated}, airline=Airline1{airlineID=1, name=TestLine1, flightCollection={IndirectList: not instantiated}}, fromAirport=Airport1{IATACode=CPH, timeZone=CET, name=Copenhagen Airport, country=Denmark, city=Copenhagen, flightCollection={IndirectList: not instantiated}, flightCollection1={IndirectList: not instantiated}}, tooAirport=Airport1{IATACode=JFK, timeZone=EST, name=john f kennedy international airport, country=USA, city=New York, flightCollection={IndirectList: not instantiated}, flightCollection1={IndirectList: not instantiated}}}, Flight1{flightNumber=newy051, seats=200, flightTimeAirline=5, flightInstanceCollection={IndirectList: not instantiated}, airline=Airline1{airlineID=1, name=TestLine1, flightCollection={IndirectList: not instantiated}}, fromAirport=Airport1{IATACode=SXF, timeZone=CET, name=schonefield airport, country=Germany, city=Berlin, flightCollection={IndirectList: not instantiated}, flightCollection1={IndirectList: not instantiated}}, tooAirport=Airport1{IATACode=JFK, timeZone=EST, name=john f kennedy international airport, country=USA, city=New York, flightCollection={IndirectList: not instantiated}, flightCollection1={IndirectList: not instantiated}}}]
</system-out>
    <system-err>Loading class `com.mysql.jdbc.Driver&apos;. This is deprecated. The new driver class is `com.mysql.cj.jdbc.Driver&apos;. The driver is automatically registered via the SPI and manual loading of the driver class is generally unnecessary.
Thu Dec 01 12:51:10 CET 2016 WARN: Establishing SSL connection without server&apos;s identity verification is not recommended. According to MySQL 5.5.45+, 5.6.26+ and 5.7.6+ requirements SSL connection must be established by default if explicit option isn&apos;t set. For compliance with existing applications not using SSL the verifyServerCertificate property is set to &apos;false&apos;. You need either to explicitly disable SSL by setting useSSL=false, or set useSSL=true and provide truststore for server certificate verification.
Thu Dec 01 12:51:10 CET 2016 WARN: Establishing SSL connection without server&apos;s identity verification is not recommended. According to MySQL 5.5.45+, 5.6.26+ and 5.7.6+ requirements SSL connection must be established by default if explicit option isn&apos;t set. For compliance with existing applications not using SSL the verifyServerCertificate property is set to &apos;false&apos;. You need either to explicitly disable SSL by setting useSSL=false, or set useSSL=true and provide truststore for server certificate verification.
</system-err>
  </testcase>
  <testcase classname="REST.FlightFacadeTest" name="testGetFlightsWithFromDateTickets" time="0.126">
    <error message="Index: 0, Size: 0" type="java.lang.IndexOutOfBoundsException">java.lang.IndexOutOfBoundsException: Index: 0, Size: 0
	at java.util.ArrayList.rangeCheck(ArrayList.java:653)
	at java.util.ArrayList.get(ArrayList.java:429)
	at REST.FlightFacadeTest.testGetFlightsWithFromDateTickets(FlightFacadeTest.java:85)
	at sun.reflect.NativeMethodAccessorImpl.invoke0(Native Method)
	at sun.reflect.NativeMethodAccessorImpl.invoke(NativeMethodAccessorImpl.java:62)
	at sun.reflect.DelegatingMethodAccessorImpl.invoke(DelegatingMethodAccessorImpl.java:43)
	at java.lang.reflect.Method.invoke(Method.java:498)
	at org.junit.runners.model.FrameworkMethod$1.runReflectiveCall(FrameworkMethod.java:50)
	at org.junit.internal.runners.model.ReflectiveCallable.run(ReflectiveCallable.java:12)
	at org.junit.runners.model.FrameworkMethod.invokeExplosively(FrameworkMethod.java:47)
	at org.junit.internal.runners.statements.InvokeMethod.evaluate(InvokeMethod.java:17)
	at org.junit.internal.runners.statements.RunBefores.evaluate(RunBefores.java:26)
	at org.junit.internal.runners.statements.RunAfters.evaluate(RunAfters.java:27)
	at org.junit.runners.ParentRunner.runLeaf(ParentRunner.java:325)
	at org.junit.runners.BlockJUnit4ClassRunner.runChild(BlockJUnit4ClassRunner.java:78)
	at org.junit.runners.BlockJUnit4ClassRunner.runChild(BlockJUnit4ClassRunner.java:57)
	at org.junit.runners.ParentRunner$3.run(ParentRunner.java:290)
	at org.junit.runners.ParentRunner$1.schedule(ParentRunner.java:71)
	at org.junit.runners.ParentRunner.runChildren(ParentRunner.java:288)
	at org.junit.runners.ParentRunner.access$000(ParentRunner.java:58)
	at org.junit.runners.ParentRunner$2.evaluate(ParentRunner.java:268)
	at org.junit.internal.runners.statements.RunBefores.evaluate(RunBefores.java:26)
	at org.junit.internal.runners.statements.RunAfters.evaluate(RunAfters.java:27)
	at org.junit.runners.ParentRunner.run(ParentRunner.java:363)
	at org.apache.maven.surefire.junit4.JUnit4Provider.execute(JUnit4Provider.java:252)
	at org.apache.maven.surefire.junit4.JUnit4Provider.executeTestSet(JUnit4Provider.java:141)
	at org.apache.maven.surefire.junit4.JUnit4Provider.invoke(JUnit4Provider.java:112)
	at sun.reflect.NativeMethodAccessorImpl.invoke0(Native Method)
	at sun.reflect.NativeMethodAccessorImpl.invoke(NativeMethodAccessorImpl.java:62)
	at sun.reflect.DelegatingMethodAccessorImpl.invoke(DelegatingMethodAccessorImpl.java:43)
	at java.lang.reflect.Method.invoke(Method.java:498)
	at org.apache.maven.surefire.util.ReflectionUtils.invokeMethodWithArray(ReflectionUtils.java:189)
	at org.apache.maven.surefire.booter.ProviderFactory$ProviderProxy.invoke(ProviderFactory.java:165)
	at org.apache.maven.surefire.booter.ProviderFactory.invokeProvider(ProviderFactory.java:85)
	at org.apache.maven.surefire.booter.ForkedBooter.runSuitesInProcess(ForkedBooter.java:115)
	at org.apache.maven.surefire.booter.ForkedBooter.main(ForkedBooter.java:75)
</error>
    <system-out>test 3
</system-out>
  </testcase>
</testsuite>